<?xml version="1.0" encoding="UTF-8"?>
<testng-results skipped="0" failed="0" ignored="0" total="1" passed="1">
  <reporter-output>
    <line>
      <![CDATA[User Successfully loged into the Demo application ]]>
    </line>
    <line>
      <![CDATA[User Successfully added 4 items in to CART Randomly]]>
    </line>
    <line>
      <![CDATA[User navigated to My Cart]]>
    </line>
    <line>
      <![CDATA[User verified the count of items in the Cart]]>
    </line>
    <line>
      <![CDATA[Lowest price Item Name::Bikini  Lowest Price Value:: £19.00]]>
    </line>
    <line>
      <![CDATA[User successfully can view the lowest price item details in the cart]]>
    </line>
    <line>
      <![CDATA[User verified the item presence in the cart and logged out]]>
    </line>
  </reporter-output>
  <suite name="Default suite" duration-ms="36499" started-at="2022-05-13T00:21:45Z" finished-at="2022-05-13T00:22:22Z">
    <groups>
      <group name="cucumber">
        <method signature="TestRunner.feature(cucumber.api.testng.CucumberFeatureWrapper)[pri:0, instance:com.automation.runner.TestRunner@25bbe1b6]" name="feature" class="com.automation.runner.TestRunner"/>
      </group> <!-- cucumber -->
    </groups>
    <test name="Default test" duration-ms="36499" started-at="2022-05-13T00:21:45Z" finished-at="2022-05-13T00:22:22Z">
      <class name="com.automation.runner.TestRunner">
        <test-method status="PASS" signature="setUpClass()[pri:0, instance:com.automation.runner.TestRunner@25bbe1b6]" name="setUpClass" is-config="true" duration-ms="248" started-at="2022-05-13T00:21:45Z" finished-at="2022-05-13T00:21:46Z">
          <reporter-output>
          </reporter-output>
        </test-method> <!-- setUpClass -->
        <test-method status="PASS" signature="feature(cucumber.api.testng.CucumberFeatureWrapper)[pri:0, instance:com.automation.runner.TestRunner@25bbe1b6]" name="feature" duration-ms="35670" started-at="2022-05-13T00:21:46Z" description="Runs Cucumber Feature" data-provider="features" finished-at="2022-05-13T00:22:21Z">
          <params>
            <param index="0">
              <value>
                <![CDATA[Web Automation]]>
              </value>
            </param>
          </params>
          <reporter-output>
            <line>
              <![CDATA[User Successfully loged into the Demo application ]]>
            </line>
            <line>
              <![CDATA[User Successfully added 4 items in to CART Randomly]]>
            </line>
            <line>
              <![CDATA[User navigated to My Cart]]>
            </line>
            <line>
              <![CDATA[User verified the count of items in the Cart]]>
            </line>
            <line>
              <![CDATA[Lowest price Item Name::Bikini  Lowest Price Value:: £19.00]]>
            </line>
            <line>
              <![CDATA[User successfully can view the lowest price item details in the cart]]>
            </line>
            <line>
              <![CDATA[User verified the item presence in the cart and logged out]]>
            </line>
          </reporter-output>
        </test-method> <!-- feature -->
        <test-method status="PASS" signature="tearDownClass()[pri:0, instance:com.automation.runner.TestRunner@25bbe1b6]" name="tearDownClass" is-config="true" duration-ms="471" started-at="2022-05-13T00:22:21Z" finished-at="2022-05-13T00:22:22Z">
          <reporter-output>
          </reporter-output>
        </test-method> <!-- tearDownClass -->
      </class> <!-- com.automation.runner.TestRunner -->
    </test> <!-- Default test -->
  </suite> <!-- Default suite -->
</testng-results>
